Determining if the pthread_create exist failed with the following output:
Change Dir: /home/dawg/catkin_ws/build/CMakeFiles/CMakeTmp

Run Build Command:"/usr/bin/make" "cmTC_304bd/fast"
/usr/bin/make -f CMakeFiles/cmTC_304bd.dir/build.make CMakeFiles/cmTC_304bd.dir/build
make[1]: Entering directory '/home/dawg/catkin_ws/build/CMakeFiles/CMakeTmp'
Building C object CMakeFiles/cmTC_304bd.dir/CheckSymbolExists.c.o
/usr/bin/cc     -o CMakeFiles/cmTC_304bd.dir/CheckSymbolExists.c.o   -c /home/dawg/catkin_ws/build/CMakeFiles/CMakeTmp/CheckSymbolExists.c
Linking C executable cmTC_304bd
/usr/bin/cmake -E cmake_link_script CMakeFiles/cmTC_304bd.dir/link.txt --verbose=1
/usr/bin/cc       CMakeFiles/cmTC_304bd.dir/CheckSymbolExists.c.o  -o cmTC_304bd -rdynamic 
CMakeFiles/cmTC_304bd.dir/CheckSymbolExists.c.o: In function `main':
CheckSymbolExists.c:(.text+0x16): undefined reference to `pthread_create'
collect2: error: ld returned 1 exit status
CMakeFiles/cmTC_304bd.dir/build.make:97: recipe for target 'cmTC_304bd' failed
make[1]: *** [cmTC_304bd] Error 1
make[1]: Leaving directory '/home/dawg/catkin_ws/build/CMakeFiles/CMakeTmp'
Makefile:126: recipe for target 'cmTC_304bd/fast' failed
make: *** [cmTC_304bd/fast] Error 2

File /home/dawg/catkin_ws/build/CMakeFiles/CMakeTmp/CheckSymbolExists.c:
/* */
#include <pthread.h>

int main(int argc, char** argv)
{
  (void)argv;
#ifndef pthread_create
  return ((int*)(&pthread_create))[argc];
#else
  (void)argc;
  return 0;
#endif
}

Determining if the function pthread_create exists in the pthreads failed with the following output:
Change Dir: /home/dawg/catkin_ws/build/CMakeFiles/CMakeTmp

Run Build Command:"/usr/bin/make" "cmTC_72f5f/fast"
/usr/bin/make -f CMakeFiles/cmTC_72f5f.dir/build.make CMakeFiles/cmTC_72f5f.dir/build
make[1]: Entering directory '/home/dawg/catkin_ws/build/CMakeFiles/CMakeTmp'
Building C object CMakeFiles/cmTC_72f5f.dir/CheckFunctionExists.c.o
/usr/bin/cc    -DCHECK_FUNCTION_EXISTS=pthread_create   -o CMakeFiles/cmTC_72f5f.dir/CheckFunctionExists.c.o   -c /usr/share/cmake-3.5/Modules/CheckFunctionExists.c
Linking C executable cmTC_72f5f
/usr/bin/cmake -E cmake_link_script CMakeFiles/cmTC_72f5f.dir/link.txt --verbose=1
/usr/bin/cc   -DCHECK_FUNCTION_EXISTS=pthread_create    CMakeFiles/cmTC_72f5f.dir/CheckFunctionExists.c.o  -o cmTC_72f5f -rdynamic -lpthreads 
/usr/bin/ld: cannot find -lpthreads
collect2: error: ld returned 1 exit status
CMakeFiles/cmTC_72f5f.dir/build.make:97: recipe for target 'cmTC_72f5f' failed
make[1]: *** [cmTC_72f5f] Error 1
make[1]: Leaving directory '/home/dawg/catkin_ws/build/CMakeFiles/CMakeTmp'
Makefile:126: recipe for target 'cmTC_72f5f/fast' failed
make: *** [cmTC_72f5f/fast] Error 2


